# JRE version: OpenJDK Runtime Environment Corretto-11.0.10.9.1 (11.0.10+9) (build 11.0.10+9-LTS)
# Java VM: OpenJDK 64-Bit Server VM Corretto-11.0.10.9.1 (11.0.10+9-LTS, mixed mode, tiered, compressed oops, g1 gc, bsd-amd64)
Heap:
 garbage-first heap   total 315392K, used 217974K [0x0000000700000000, 0x0000000800000000)
  region size 1024K, 158 young (161792K), 13 survivors (13312K)
 Metaspace       used 40172K, capacity 41254K, committed 41500K, reserved 1085440K
  class space    used 4226K, capacity 4613K, committed 4736K, reserved 1048576K
GC Heap History (16 events):
Event: 0.717 GC heap before
{Heap before GC invocations=0 (full 0):
 garbage-first heap   total 262144K, used 23552K [0x0000000700000000, 0x0000000800000000)
  region size 1024K, 24 young (24576K), 0 survivors (0K)
 Metaspace       used 13361K, capacity 13588K, committed 13824K, reserved 1060864K
  class space    used 1355K, capacity 1423K, committed 1536K, reserved 1048576K
}
Event: 0.724 GC heap after
{Heap after GC invocations=1 (full 0):
 garbage-first heap   total 262144K, used 3860K [0x0000000700000000, 0x0000000800000000)
  region size 1024K, 3 young (3072K), 3 survivors (3072K)
 Metaspace       used 13361K, capacity 13588K, committed 13824K, reserved 1060864K
  class space    used 1355K, capacity 1423K, committed 1536K, reserved 1048576K
}
Event: 1.708 GC heap before
{Heap before GC invocations=1 (full 0):
 garbage-first heap   total 262144K, used 53012K [0x0000000700000000, 0x0000000800000000)
  region size 1024K, 52 young (53248K), 3 survivors (3072K)
 Metaspace       used 20596K, capacity 20941K, committed 21296K, reserved 1069056K
  class space    used 2219K, capacity 2320K, committed 2432K, reserved 1048576K
}
Event: 1.722 GC heap after
{Heap after GC invocations=2 (full 0):
 garbage-first heap   total 262144K, used 6678K [0x0000000700000000, 0x0000000800000000)
  region size 1024K, 6 young (6144K), 6 survivors (6144K)
 Metaspace       used 20596K, capacity 20941K, committed 21296K, reserved 1069056K
  class space    used 2219K, capacity 2320K, committed 2432K, reserved 1048576K
}
Event: 2.545 GC heap before
{Heap before GC invocations=3 (full 0):
 garbage-first heap   total 262144K, used 62998K [0x0000000700000000, 0x0000000800000000)
  region size 1024K, 61 young (62464K), 6 survivors (6144K)
 Metaspace       used 22542K, capacity 22961K, committed 23472K, reserved 1071104K
  class space    used 2371K, capacity 2500K, committed 2560K, reserved 1048576K
}
Event: 2.556 GC heap after
{Heap after GC invocations=4 (full 0):
 garbage-first heap   total 262144K, used 11637K [0x0000000700000000, 0x0000000800000000)
  region size 1024K, 8 young (8192K), 8 survivors (8192K)
 Metaspace       used 22542K, capacity 22961K, committed 23472K, reserved 1071104K
  class space    used 2371K, capacity 2500K, committed 2560K, reserved 1048576K
}
Event: 3.680 GC heap before
{Heap before GC invocations=4 (full 0):
 garbage-first heap   total 262144K, used 87413K [0x0000000700000000, 0x0000000800000000)
  region size 1024K, 82 young (83968K), 8 survivors (8192K)
 Metaspace       used 25820K, capacity 26481K, committed 26928K, reserved 1073152K
  class space    used 2671K, capacity 2867K, committed 2944K, reserved 1048576K
}
Event: 3.692 GC heap after
{Heap after GC invocations=5 (full 0):
 garbage-first heap   total 262144K, used 15990K [0x0000000700000000, 0x0000000800000000)
  region size 1024K, 10 young (10240K), 10 survivors (10240K)
 Metaspace       used 25820K, capacity 26481K, committed 26928K, reserved 1073152K
  class space    used 2671K, capacity 2867K, committed 2944K, reserved 1048576K
}
Event: 4.204 GC heap before
{Heap before GC invocations=5 (full 0):
 garbage-first heap   total 262144K, used 120438K [0x0000000700000000, 0x0000000800000000)
  region size 1024K, 110 young (112640K), 10 survivors (10240K)
 Metaspace       used 31904K, capacity 32611K, committed 33072K, reserved 1079296K
  class space    used 3391K, capacity 3637K, committed 3712K, reserved 1048576K
}
Event: 4.217 GC heap after
{Heap after GC invocations=6 (full 0):
 garbage-first heap   total 315392K, used 26709K [0x0000000700000000, 0x0000000800000000)
  region size 1024K, 13 young (13312K), 13 survivors (13312K)
 Metaspace       used 31904K, capacity 32611K, committed 33072K, reserved 1079296K
  class space    used 3391K, capacity 3637K, committed 3712K, reserved 1048576K
}
Event: 5.072 GC heap before
{Heap before GC invocations=6 (full 0):
 garbage-first heap   total 315392K, used 84053K [0x0000000700000000, 0x0000000800000000)
  region size 1024K, 71 young (72704K), 13 survivors (13312K)
 Metaspace       used 34803K, capacity 35707K, committed 35888K, reserved 1081344K
  class space    used 3638K, capacity 3959K, committed 3968K, reserved 1048576K
}
Event: 5.083 GC heap after
{Heap after GC invocations=7 (full 0):
 garbage-first heap   total 315392K, used 27421K [0x0000000700000000, 0x0000000800000000)
  region size 1024K, 11 young (11264K), 11 survivors (11264K)
 Metaspace       used 34803K, capacity 35707K, committed 35888K, reserved 1081344K
  class space    used 3638K, capacity 3959K, committed 3968K, reserved 1048576K
}
Event: 6.098 GC heap before
{Heap before GC invocations=8 (full 0):
 garbage-first heap   total 315392K, used 217885K [0x0000000700000000, 0x0000000800000000)
  region size 1024K, 171 young (175104K), 11 survivors (11264K)
 Metaspace       used 36694K, capacity 37622K, committed 37916K, reserved 1083392K
  class space    used 3862K, capacity 4189K, committed 4224K, reserved 1048576K
}
Event: 6.113 GC heap after
{Heap after GC invocations=9 (full 0):
 garbage-first heap   total 315392K, used 38509K [0x0000000700000000, 0x0000000800000000)
  region size 1024K, 21 young (21504K), 21 survivors (21504K)
 Metaspace       used 36694K, capacity 37622K, committed 37916K, reserved 1083392K
  class space    used 3862K, capacity 4189K, committed 4224K, reserved 1048576K
}
Event: 6.796 GC heap before
{Heap before GC invocations=9 (full 0):
 garbage-first heap   total 315392K, used 207469K [0x0000000700000000, 0x0000000800000000)
  region size 1024K, 184 young (188416K), 21 survivors (21504K)
 Metaspace       used 37776K, capacity 38758K, committed 39068K, reserved 1083392K
  class space    used 3960K, capacity 4290K, committed 4352K, reserved 1048576K
}
Event: 6.816 GC heap after
{Heap after GC invocations=10 (full 0):
 garbage-first heap   total 315392K, used 45942K [0x0000000700000000, 0x0000000800000000)
  region size 1024K, 13 young (13312K), 13 survivors (13312K)
 Metaspace       used 37776K, capacity 38758K, committed 39068K, reserved 1083392K
  class space    used 3960K, capacity 4290K, committed 4352K, reserved 1048576K
}

